2019-04-08 12:56:55.926 decoration 0.0.1-SNAPSHOT ERROR 15696 --- [main] o.s.boot.SpringApplication               : Application startup failed

org.springframework.beans.factory.UnsatisfiedDependencyException: Error creating bean with name 'optionController': Unsatisfied dependency expressed through field 'optionService'; nested exception is org.springframework.beans.factory.UnsatisfiedDependencyException: Error creating bean with name 'optionServiceImpl' defined in file [D:\毕业设计\bishe-ws\decoration\target\classes\edu\bistu\decoration\service\impl\OptionServiceImpl.class]: Unsatisfied dependency expressed through constructor parameter 0; nested exception is org.springframework.beans.factory.BeanCreationException: Error creating bean with name 'optionRepository': Invocation of init method failed; nested exception is java.lang.IllegalArgumentException: Validation failed for query for method public abstract void edu.bistu.decoration.repository.OptionRepository.updateAmount(java.lang.String,java.lang.Long)!
	at org.springframework.beans.factory.annotation.AutowiredAnnotationBeanPostProcessor$AutowiredFieldElement.inject(AutowiredAnnotationBeanPostProcessor.java:586)
	at org.springframework.beans.factory.annotation.InjectionMetadata.inject(InjectionMetadata.java:87)
	at org.springframework.beans.factory.annotation.AutowiredAnnotationBeanPostProcessor.postProcessPropertyValues(AutowiredAnnotationBeanPostProcessor.java:364)
	at org.springframework.beans.factory.support.AbstractAutowireCapableBeanFactory.populateBean(AbstractAutowireCapableBeanFactory.java:1269)
	at org.springframework.beans.factory.support.AbstractAutowireCapableBeanFactory.doCreateBean(AbstractAutowireCapableBeanFactory.java:551)
	at org.springframework.beans.factory.support.AbstractAutowireCapableBeanFactory.createBean(AbstractAutowireCapableBeanFactory.java:481)
	at org.springframework.beans.factory.support.AbstractBeanFactory$1.getObject(AbstractBeanFactory.java:312)
	at org.springframework.beans.factory.support.DefaultSingletonBeanRegistry.getSingleton(DefaultSingletonBeanRegistry.java:230)
	at org.springframework.beans.factory.support.AbstractBeanFactory.doGetBean(AbstractBeanFactory.java:308)
	at org.springframework.beans.factory.support.AbstractBeanFactory.getBean(AbstractBeanFactory.java:197)
	at org.springframework.beans.factory.support.DefaultListableBeanFactory.preInstantiateSingletons(DefaultListableBeanFactory.java:761)
	at org.springframework.context.support.AbstractApplicationContext.finishBeanFactoryInitialization(AbstractApplicationContext.java:867)
	at org.springframework.context.support.AbstractApplicationContext.refresh(AbstractApplicationContext.java:543)
	at org.springframework.boot.context.embedded.EmbeddedWebApplicationContext.refresh(EmbeddedWebApplicationContext.java:124)
	at org.springframework.boot.SpringApplication.refresh(SpringApplication.java:693)
	at org.springframework.boot.SpringApplication.refreshContext(SpringApplication.java:360)
	at org.springframework.boot.SpringApplication.run(SpringApplication.java:303)
	at org.springframework.boot.SpringApplication.run(SpringApplication.java:1118)
	at org.springframework.boot.SpringApplication.run(SpringApplication.java:1107)
	at edu.bistu.decoration.DecorationApplication.main(DecorationApplication.java:10)
Caused by: org.springframework.beans.factory.UnsatisfiedDependencyException: Error creating bean with name 'optionServiceImpl' defined in file [D:\毕业设计\bishe-ws\decoration\target\classes\edu\bistu\decoration\service\impl\OptionServiceImpl.class]: Unsatisfied dependency expressed through constructor parameter 0; nested exception is org.springframework.beans.factory.BeanCreationException: Error creating bean with name 'optionRepository': Invocation of init method failed; nested exception is java.lang.IllegalArgumentException: Validation failed for query for method public abstract void edu.bistu.decoration.repository.OptionRepository.updateAmount(java.lang.String,java.lang.Long)!
	at org.springframework.beans.factory.support.ConstructorResolver.createArgumentArray(ConstructorResolver.java:749)
	at org.springframework.beans.factory.support.ConstructorResolver.autowireConstructor(ConstructorResolver.java:189)
	at org.springframework.beans.factory.support.AbstractAutowireCapableBeanFactory.autowireConstructor(AbstractAutowireCapableBeanFactory.java:1198)
	at org.springframework.beans.factory.support.AbstractAutowireCapableBeanFactory.createBeanInstance(AbstractAutowireCapableBeanFactory.java:1100)
	at org.springframework.beans.factory.support.AbstractAutowireCapableBeanFactory.doCreateBean(AbstractAutowireCapableBeanFactory.java:511)
	at org.springframework.beans.factory.support.AbstractAutowireCapableBeanFactory.createBean(AbstractAutowireCapableBeanFactory.java:481)
	at org.springframework.beans.factory.support.AbstractBeanFactory$1.getObject(AbstractBeanFactory.java:312)
	at org.springframework.beans.factory.support.DefaultSingletonBeanRegistry.getSingleton(DefaultSingletonBeanRegistry.java:230)
	at org.springframework.beans.factory.support.AbstractBeanFactory.doGetBean(AbstractBeanFactory.java:308)
	at org.springframework.beans.factory.support.AbstractBeanFactory.getBean(AbstractBeanFactory.java:202)
	at org.springframework.beans.factory.config.DependencyDescriptor.resolveCandidate(DependencyDescriptor.java:208)
	at org.springframework.beans.factory.support.DefaultListableBeanFactory.doResolveDependency(DefaultListableBeanFactory.java:1136)
	at org.springframework.beans.factory.support.DefaultListableBeanFactory.resolveDependency(DefaultListableBeanFactory.java:1064)
	at org.springframework.beans.factory.annotation.AutowiredAnnotationBeanPostProcessor$AutowiredFieldElement.inject(AutowiredAnnotationBeanPostProcessor.java:583)
	... 19 common frames omitted
Caused by: org.springframework.beans.factory.BeanCreationException: Error creating bean with name 'optionRepository': Invocation of init method failed; nested exception is java.lang.IllegalArgumentException: Validation failed for query for method public abstract void edu.bistu.decoration.repository.OptionRepository.updateAmount(java.lang.String,java.lang.Long)!
	at org.springframework.beans.factory.support.AbstractAutowireCapableBeanFactory.initializeBean(AbstractAutowireCapableBeanFactory.java:1631)
	at org.springframework.beans.factory.support.AbstractAutowireCapableBeanFactory.doCreateBean(AbstractAutowireCapableBeanFactory.java:553)
	at org.springframework.beans.factory.support.AbstractAutowireCapableBeanFactory.createBean(AbstractAutowireCapableBeanFactory.java:481)
	at org.springframework.beans.factory.support.AbstractBeanFactory$1.getObject(AbstractBeanFactory.java:312)
	at org.springframework.beans.factory.support.DefaultSingletonBeanRegistry.getSingleton(DefaultSingletonBeanRegistry.java:230)
	at org.springframework.beans.factory.support.AbstractBeanFactory.doGetBean(AbstractBeanFactory.java:308)
	at org.springframework.beans.factory.support.AbstractBeanFactory.getBean(AbstractBeanFactory.java:202)
	at org.springframework.beans.factory.config.DependencyDescriptor.resolveCandidate(DependencyDescriptor.java:208)
	at org.springframework.beans.factory.support.DefaultListableBeanFactory.doResolveDependency(DefaultListableBeanFactory.java:1136)
	at org.springframework.beans.factory.support.DefaultListableBeanFactory.resolveDependency(DefaultListableBeanFactory.java:1064)
	at org.springframework.beans.factory.support.ConstructorResolver.resolveAutowiredArgument(ConstructorResolver.java:835)
	at org.springframework.beans.factory.support.ConstructorResolver.createArgumentArray(ConstructorResolver.java:741)
	... 32 common frames omitted
Caused by: java.lang.IllegalArgumentException: Validation failed for query for method public abstract void edu.bistu.decoration.repository.OptionRepository.updateAmount(java.lang.String,java.lang.Long)!
	at org.springframework.data.jpa.repository.query.SimpleJpaQuery.validateQuery(SimpleJpaQuery.java:92)
	at org.springframework.data.jpa.repository.query.SimpleJpaQuery.<init>(SimpleJpaQuery.java:62)
	at org.springframework.data.jpa.repository.query.JpaQueryFactory.fromMethodWithQueryString(JpaQueryFactory.java:72)
	at org.springframework.data.jpa.repository.query.JpaQueryFactory.fromQueryAnnotation(JpaQueryFactory.java:53)
	at org.springframework.data.jpa.repository.query.JpaQueryLookupStrategy$DeclaredQueryLookupStrategy.resolveQuery(JpaQueryLookupStrategy.java:138)
	at org.springframework.data.jpa.repository.query.JpaQueryLookupStrategy$CreateIfNotFoundQueryLookupStrategy.resolveQuery(JpaQueryLookupStrategy.java:205)
	at org.springframework.data.jpa.repository.query.JpaQueryLookupStrategy$AbstractQueryLookupStrategy.resolveQuery(JpaQueryLookupStrategy.java:77)
	at org.springframework.data.repository.core.support.RepositoryFactorySupport$QueryExecutorMethodInterceptor.<init>(RepositoryFactorySupport.java:451)
	at org.springframework.data.repository.core.support.RepositoryFactorySupport.getRepository(RepositoryFactorySupport.java:223)
	at org.springframework.data.repository.core.support.RepositoryFactoryBeanSupport.initAndReturn(RepositoryFactoryBeanSupport.java:277)
	at org.springframework.data.repository.core.support.RepositoryFactoryBeanSupport.afterPropertiesSet(RepositoryFactoryBeanSupport.java:263)
	at org.springframework.data.jpa.repository.support.JpaRepositoryFactoryBean.afterPropertiesSet(JpaRepositoryFactoryBean.java:101)
	at org.springframework.beans.factory.support.AbstractAutowireCapableBeanFactory.invokeInitMethods(AbstractAutowireCapableBeanFactory.java:1689)
	at org.springframework.beans.factory.support.AbstractAutowireCapableBeanFactory.initializeBean(AbstractAutowireCapableBeanFactory.java:1627)
	... 43 common frames omitted
Caused by: java.lang.IllegalArgumentException: org.hibernate.hql.internal.ast.QuerySyntaxException: t_option is not mapped [update t_option set amount=amount+1 where name = ?1 and related_id =?2]
	at org.hibernate.jpa.spi.AbstractEntityManagerImpl.convert(AbstractEntityManagerImpl.java:1679)
	at org.hibernate.jpa.spi.AbstractEntityManagerImpl.convert(AbstractEntityManagerImpl.java:1602)
	at org.hibernate.jpa.spi.AbstractEntityManagerImpl.convert(AbstractEntityManagerImpl.java:1608)
	at org.hibernate.jpa.spi.AbstractEntityManagerImpl.createQuery(AbstractEntityManagerImpl.java:294)
	at sun.reflect.NativeMethodAccessorImpl.invoke0(Native Method)
	at sun.reflect.NativeMethodAccessorImpl.invoke(NativeMethodAccessorImpl.java:62)
	at sun.reflect.DelegatingMethodAccessorImpl.invoke(DelegatingMethodAccessorImpl.java:43)
	at java.lang.reflect.Method.invoke(Method.java:498)
	at org.springframework.orm.jpa.ExtendedEntityManagerCreator$ExtendedEntityManagerInvocationHandler.invoke(ExtendedEntityManagerCreator.java:347)
	at com.sun.proxy.$Proxy102.createQuery(Unknown Source)
	at org.springframework.data.jpa.repository.query.SimpleJpaQuery.validateQuery(SimpleJpaQuery.java:86)
	... 56 common frames omitted
Caused by: org.hibernate.hql.internal.ast.QuerySyntaxException: t_option is not mapped [update t_option set amount=amount+1 where name = ?1 and related_id =?2]
	at org.hibernate.hql.internal.ast.QuerySyntaxException.generateQueryException(QuerySyntaxException.java:79)
	at org.hibernate.QueryException.wrapWithQueryString(QueryException.java:103)
	at org.hibernate.hql.internal.ast.QueryTranslatorImpl.doCompile(QueryTranslatorImpl.java:218)
	at org.hibernate.hql.internal.ast.QueryTranslatorImpl.compile(QueryTranslatorImpl.java:142)
	at org.hibernate.engine.query.spi.HQLQueryPlan.<init>(HQLQueryPlan.java:115)
	at org.hibernate.engine.query.spi.HQLQueryPlan.<init>(HQLQueryPlan.java:76)
	at org.hibernate.engine.query.spi.QueryPlanCache.getHQLQueryPlan(QueryPlanCache.java:150)
	at org.hibernate.internal.AbstractSessionImpl.getHQLQueryPlan(AbstractSessionImpl.java:302)
	at org.hibernate.internal.AbstractSessionImpl.createQuery(AbstractSessionImpl.java:240)
	at org.hibernate.internal.SessionImpl.createQuery(SessionImpl.java:1894)
	at org.hibernate.jpa.spi.AbstractEntityManagerImpl.createQuery(AbstractEntityManagerImpl.java:291)
	... 63 common frames omitted
Caused by: org.hibernate.hql.internal.ast.QuerySyntaxException: t_option is not mapped
	at org.hibernate.hql.internal.ast.util.SessionFactoryHelper.requireClassPersister(SessionFactoryHelper.java:171)
	at org.hibernate.hql.internal.ast.tree.FromElementFactory.addFromElement(FromElementFactory.java:91)
	at org.hibernate.hql.internal.ast.tree.FromClause.addFromElement(FromClause.java:76)
	at org.hibernate.hql.internal.ast.HqlSqlWalker.createFromElement(HqlSqlWalker.java:321)
	at org.hibernate.hql.internal.antlr.HqlSqlBaseWalker.fromElement(HqlSqlBaseWalker.java:3687)
	at org.hibernate.hql.internal.antlr.HqlSqlBaseWalker.fromElementList(HqlSqlBaseWalker.java:3576)
	at org.hibernate.hql.internal.antlr.HqlSqlBaseWalker.fromClause(HqlSqlBaseWalker.java:716)
	at org.hibernate.hql.internal.antlr.HqlSqlBaseWalker.updateStatement(HqlSqlBaseWalker.java:373)
	at org.hibernate.hql.internal.antlr.HqlSqlBaseWalker.statement(HqlSqlBaseWalker.java:265)
	at org.hibernate.hql.internal.ast.QueryTranslatorImpl.analyze(QueryTranslatorImpl.java:262)
	at org.hibernate.hql.internal.ast.QueryTranslatorImpl.doCompile(QueryTranslatorImpl.java:190)
	... 71 common frames omitted

2019-04-08 13:01:37.170 decoration 0.0.1-SNAPSHOT ERROR 18648 --- [http-nio-10101-exec-1] e.b.d.service.impl.OptionServiceImpl     : 更新选项票数出错
2019-04-08 13:02:09.262 decoration 0.0.1-SNAPSHOT ERROR 18648 --- [http-nio-10101-exec-3] e.b.d.service.impl.OptionServiceImpl     : 更新选项票数出错
2019-04-08 13:02:18.791 decoration 0.0.1-SNAPSHOT ERROR 18648 --- [http-nio-10101-exec-4] e.b.d.service.impl.OptionServiceImpl     : 更新选项票数出错
2019-04-08 13:04:35.863 decoration 0.0.1-SNAPSHOT ERROR 17084 --- [http-nio-10101-exec-1] e.b.d.service.impl.OptionServiceImpl     : 更新选项票数出错
2019-04-08 13:04:52.981 decoration 0.0.1-SNAPSHOT ERROR 17084 --- [http-nio-10101-exec-3] e.b.d.service.impl.OptionServiceImpl     : 更新选项票数出错
2019-04-08 13:04:55.691 decoration 0.0.1-SNAPSHOT ERROR 17084 --- [http-nio-10101-exec-4] e.b.d.service.impl.OptionServiceImpl     : 更新选项票数出错
2019-04-08 13:06:12.447 decoration 0.0.1-SNAPSHOT ERROR 17084 --- [http-nio-10101-exec-7] e.b.d.service.impl.OptionServiceImpl     : 更新选项票数出错
2019-04-08 13:14:22.960 decoration 0.0.1-SNAPSHOT ERROR 4252 --- [http-nio-10101-exec-2] e.b.d.service.impl.OptionServiceImpl     : 更新选项票数出错
2019-04-08 13:16:51.095 decoration 0.0.1-SNAPSHOT ERROR 15052 --- [http-nio-10101-exec-1] e.b.d.service.impl.OptionServiceImpl     : 更新选项票数出错
